<?xml version="1.0" encoding="UTF-8"?>
<!-- Generated by org.testng.reporters.JUnitXMLReporter -->
<testsuite hostname="Shubham" ignored="0" name="BankingApp Test" tests="7" failures="3" timestamp="18 Nov 2021 12:52:46 GMT" time="77.562" errors="0">
  <testcase name="loginTest" time="5.648" classname="com.inetbanking.testCases.TC_LoginTest_001"/>
  <testcase name="LoginDDT" time="14.002" classname="com.inetbanking.testCases.TC_LoginDDT_002"/>
  <testcase name="LoginDDT" time="5.856" classname="com.inetbanking.testCases.TC_LoginDDT_002">
    <failure type="junit.framework.AssertionFailedError">
      <![CDATA[junit.framework.AssertionFailedError
at junit.framework.Assert.fail(Assert.java:47)
at junit.framework.Assert.assertTrue(Assert.java:20)
at junit.framework.Assert.assertTrue(Assert.java:27)
at com.inetbanking.testCases.TC_LoginDDT_002.LoginDDT(TC_LoginDDT_002.java:31)
... Removed 25 stack frames]]>
    </failure>
  </testcase> <!-- LoginDDT -->
  <testcase name="LoginDDT" time="6.306" classname="com.inetbanking.testCases.TC_LoginDDT_002">
    <failure type="junit.framework.AssertionFailedError">
      <![CDATA[junit.framework.AssertionFailedError
at junit.framework.Assert.fail(Assert.java:47)
at junit.framework.Assert.assertTrue(Assert.java:20)
at junit.framework.Assert.assertTrue(Assert.java:27)
at com.inetbanking.testCases.TC_LoginDDT_002.LoginDDT(TC_LoginDDT_002.java:31)
... Removed 25 stack frames]]>
    </failure>
  </testcase> <!-- LoginDDT -->
  <testcase name="LoginDDT" time="10.822" classname="com.inetbanking.testCases.TC_LoginDDT_002"/>
  <testcase name="LoginDDT" time="6.357" classname="com.inetbanking.testCases.TC_LoginDDT_002">
    <failure type="junit.framework.AssertionFailedError">
      <![CDATA[junit.framework.AssertionFailedError
at junit.framework.Assert.fail(Assert.java:47)
at junit.framework.Assert.assertTrue(Assert.java:20)
at junit.framework.Assert.assertTrue(Assert.java:27)
at com.inetbanking.testCases.TC_LoginDDT_002.LoginDDT(TC_LoginDDT_002.java:31)
... Removed 25 stack frames]]>
    </failure>
  </testcase> <!-- LoginDDT -->
  <testcase name="addNewCustomer" time="18.855" classname="com.inetbanking.testCases.TC_AddCustomerTest_003"/>
</testsuite> <!-- BankingApp Test -->
